2025-05-31 14:57:54,022 [INFO] Activator:176 - 


2025-05-31 14:57:54,024 [INFO] Activator:177 - !SESSION log4j initialized
2025-05-31 14:57:56,045 [ERROR] LogOutputStream:75 - [STDERR_REDIRECT] 
2025-05-31 14:57:57,841 [INFO] LogOutputStream:77 - [STDOUT_REDIRECT] 
2025-05-31 14:58:03,795 [INFO] ApplicationProperties:184 - Using Application install path: /Applications/STM32CubeIDE.app/Contents/Eclipse/plugins/com.st.stm32cube.common.mx_6.14.1.202504091515
2025-05-31 14:58:03,805 [INFO] DbMcusXml:78 - Set database path to: /Applications/STM32CubeIDE.app/Contents/Eclipse/plugins/com.st.stm32cube.common.mx_6.14.1.202504091515//db//mcu/
2025-05-31 14:58:03,805 [INFO] ApiDb:274 - Set plugin database path to: /Applications/STM32CubeIDE.app/Contents/Eclipse/plugins/com.st.stm32cube.common.mx_6.14.1.202504091515//db//plugins/boardmanager/
2025-05-31 14:58:03,806 [WARN] ApiDb:259 - Overriding images path with different value:  => /Applications/STM32CubeIDE.app/Contents/Eclipse/plugins/com.st.stm32cube.common.mx_6.14.1.202504091515//db//plugins/mcufinder/images/
2025-05-31 14:58:04,545 [WARN] ApiFinderProperties:113 - /Users/hasantayfur/.stmcufinder/plugins/mcufinder/mcu/mcuFinder.mfd doesn't exist
2025-05-31 14:58:04,545 [INFO] ApiDb:250 - Set database path to: /Users/hasantayfur/.stmcufinder/plugins/mcufinder//mcu/
2025-05-31 14:58:04,546 [INFO] DbMcusAds:125 - Set database path to: /Users/hasantayfur/.stmcufinder/plugins/mcufinder//mcu/
2025-05-31 14:58:04,547 [INFO] CrossReferenceDbSqlite:203 - Set database path to: /Users/hasantayfur/.stmcufinder/plugins/mcufinder//mcu/cs/
2025-05-31 14:58:04,649 [INFO] RulesReader:64 - Compatibility file has been processed (302 Rules)
2025-05-31 14:58:04,699 [INFO] DbMcusXml:78 - Set database path to: /Applications/STM32CubeIDE.app/Contents/Eclipse/plugins/com.st.stm32cube.common.mx_6.14.1.202504091515//db//mcu/
2025-05-31 14:58:04,699 [INFO] ApiDb:274 - Set plugin database path to: /Applications/STM32CubeIDE.app/Contents/Eclipse/plugins/com.st.stm32cube.common.mx_6.14.1.202504091515//db//plugins/boardmanager/
2025-05-31 14:58:04,699 [INFO] ApiDb:261 - Set plugin images path to: /Applications/STM32CubeIDE.app/Contents/Eclipse/plugins/com.st.stm32cube.common.mx_6.14.1.202504091515//db//plugins/mcufinder/images/
2025-05-31 14:58:04,700 [WARN] DbFile:41 - Overriding database path with different value: /Users/hasantayfur/.stmcufinder/plugins/mcufinder/ => /Users/hasantayfur/.stmcufinder/plugins/mcufinder
2025-05-31 14:58:04,700 [INFO] ApiDb:250 - Set database path to: /Users/hasantayfur/.stmcufinder/plugins/mcufinder//mcu/
2025-05-31 14:58:04,700 [WARN] DbFile:41 - Overriding database path with different value: /Users/hasantayfur/.stmcufinder/plugins/mcufinder/ => /Users/hasantayfur/.stmcufinder/plugins/mcufinder
2025-05-31 14:58:04,700 [INFO] DbMcusAds:125 - Set database path to: /Users/hasantayfur/.stmcufinder/plugins/mcufinder//mcu/
2025-05-31 14:58:04,700 [WARN] DbFile:41 - Overriding database path with different value: /Users/hasantayfur/.stmcufinder/plugins/mcufinder/ => /Users/hasantayfur/.stmcufinder/plugins/mcufinder
2025-05-31 14:58:04,700 [WARN] DbFile:41 - Overriding database path with different value: /Users/hasantayfur/.stmcufinder/plugins/mcufinder/ => /Users/hasantayfur/.stmcufinder/plugins/mcufinder
2025-05-31 14:58:04,700 [INFO] CrossReferenceDbSqlite:203 - Set database path to: /Users/hasantayfur/.stmcufinder/plugins/mcufinder//mcu/cs/
2025-05-31 14:58:04,751 [INFO] MainPanel:272 - HeapMemory: 315621376
2025-05-31 14:58:05,010 [INFO] DbMcusXml:78 - Set database path to: /Applications/STM32CubeIDE.app/Contents/Eclipse/plugins/com.st.stm32cube.common.mx_6.14.1.202504091515//db//mcu/
2025-05-31 14:58:05,010 [INFO] ApiDb:274 - Set plugin database path to: /Applications/STM32CubeIDE.app/Contents/Eclipse/plugins/com.st.stm32cube.common.mx_6.14.1.202504091515//db//plugins/boardmanager/
2025-05-31 14:58:05,010 [INFO] ApiDb:261 - Set plugin images path to: /Applications/STM32CubeIDE.app/Contents/Eclipse/plugins/com.st.stm32cube.common.mx_6.14.1.202504091515//db//plugins/mcufinder/images/
2025-05-31 14:58:05,010 [WARN] DbFile:41 - Overriding database path with different value: /Users/hasantayfur/.stmcufinder/plugins/mcufinder/ => /Users/hasantayfur/.stmcufinder/plugins/mcufinder
2025-05-31 14:58:05,010 [INFO] ApiDb:250 - Set database path to: /Users/hasantayfur/.stmcufinder/plugins/mcufinder//mcu/
2025-05-31 14:58:05,010 [WARN] DbFile:41 - Overriding database path with different value: /Users/hasantayfur/.stmcufinder/plugins/mcufinder/ => /Users/hasantayfur/.stmcufinder/plugins/mcufinder
2025-05-31 14:58:05,010 [INFO] DbMcusAds:125 - Set database path to: /Users/hasantayfur/.stmcufinder/plugins/mcufinder//mcu/
2025-05-31 14:58:05,010 [WARN] DbFile:41 - Overriding database path with different value: /Users/hasantayfur/.stmcufinder/plugins/mcufinder/ => /Users/hasantayfur/.stmcufinder/plugins/mcufinder
2025-05-31 14:58:05,010 [WARN] DbFile:41 - Overriding database path with different value: /Users/hasantayfur/.stmcufinder/plugins/mcufinder/ => /Users/hasantayfur/.stmcufinder/plugins/mcufinder
2025-05-31 14:58:05,010 [INFO] CrossReferenceDbSqlite:203 - Set database path to: /Users/hasantayfur/.stmcufinder/plugins/mcufinder//mcu/cs/
2025-05-31 14:58:05,022 [INFO] ApplicationProperties:184 - Using Application install path: /Applications/STM32CubeIDE.app/Contents/Eclipse/plugins/com.st.stm32cube.common.mx_6.14.1.202504091515
2025-05-31 14:58:05,023 [INFO] PluginManage:196 - Search for loadable plugins [exclusion list=, ]
2025-05-31 14:58:05,025 [INFO] PluginManage:310 - Check plugin analytics
2025-05-31 14:58:05,191 [INFO] AnalyticsPlugin:253 - Accepted Software Licenses: 
2025-05-31 14:58:05,191 [INFO] AnalyticsPlugin:255 - Accepted CMSIS Pack Licenses: 
2025-05-31 14:58:05,192 [INFO] AnalyticsPlugin:257 - Accepted Firmware Licenses: 
2025-05-31 14:58:05,196 [INFO] PluginManage:359 - Loaded plugin analytics (category:tool,tabindex:-1)
2025-05-31 14:58:05,197 [INFO] PluginManage:310 - Check plugin cadmodel
2025-05-31 14:58:05,206 [INFO] CADModel:105 - Init CAD model plugin
2025-05-31 14:58:05,206 [INFO] PluginManage:359 - Loaded plugin cadmodel (category:power,tabindex:5)
2025-05-31 14:58:05,206 [INFO] PluginManage:310 - Check plugin clock
2025-05-31 14:58:05,213 [INFO] PluginManage:359 - Loaded plugin clock (category:base,tabindex:2)
2025-05-31 14:58:05,213 [INFO] PluginManage:310 - Check plugin ddr
2025-05-31 14:58:05,215 [INFO] PluginManage:359 - Loaded plugin ddr (category:tool,tabindex:6)
2025-05-31 14:58:05,215 [INFO] PluginManage:310 - Check plugin filemanager
2025-05-31 14:58:05,564 [INFO] PluginManage:359 - Loaded plugin filemanager (category:base,tabindex:10)
2025-05-31 14:58:05,568 [INFO] PluginManage:310 - Check plugin ipmanager
2025-05-31 14:58:05,619 [INFO] PluginManage:359 - Loaded plugin ipmanager (category:base,tabindex:5)
2025-05-31 14:58:05,620 [INFO] PluginManage:310 - Check plugin lpbam
2025-05-31 14:58:05,645 [INFO] PluginManage:359 - Loaded plugin lpbam (category:base,tabindex:0)
2025-05-31 14:58:05,645 [INFO] PluginManage:310 - Check plugin memorymap
2025-05-31 14:58:05,657 [INFO] PluginManage:359 - Loaded plugin memorymap (category:base,tabindex:4)
2025-05-31 14:58:05,658 [INFO] PluginManage:310 - Check plugin pinoutandconfiguration
2025-05-31 14:58:05,663 [INFO] PluginManage:359 - Loaded plugin pinoutandconfiguration (category:base,tabindex:1)
2025-05-31 14:58:05,663 [INFO] PluginManage:310 - Check plugin pinoutconfig
2025-05-31 14:58:05,744 [WARN] SupportedApi:132 - Cannot load RTOS API schema: s4s-elt-must-match.1: The content of 'definitions' must match (annotation?, (simpleType | complexType)?, (unique | key | keyref)*)). A problem was found starting at: attribute.
2025-05-31 14:58:05,904 [INFO] PluginManage:359 - Loaded plugin pinoutconfig (category:base,tabindex:0)
2025-05-31 14:58:05,904 [INFO] PluginManage:310 - Check plugin power
2025-05-31 14:58:05,914 [INFO] PluginManage:359 - Loaded plugin power (category:power,tabindex:4)
2025-05-31 14:58:05,914 [INFO] PluginManage:310 - Check plugin projectmanager
2025-05-31 14:58:05,942 [INFO] PluginManage:359 - Loaded plugin projectmanager (category:projectmanager,tabindex:4)
2025-05-31 14:58:05,943 [INFO] PluginManage:310 - Check plugin rif
2025-05-31 14:58:05,948 [INFO] PluginManage:359 - Loaded plugin rif (category:base,tabindex:3)
2025-05-31 14:58:05,948 [INFO] PluginManage:310 - Check plugin thirdparty
2025-05-31 14:58:06,058 [INFO] PluginManage:359 - Loaded plugin thirdparty (category:base,tabindex:-1)
2025-05-31 14:58:06,060 [INFO] PluginManage:310 - Check plugin tools
2025-05-31 14:58:06,063 [INFO] PluginManage:359 - Loaded plugin tools (category:base,tabindex:7)
2025-05-31 14:58:06,063 [INFO] PluginManage:310 - Check plugin tutovideos
2025-05-31 14:58:06,058 [WARN] IntegrityCheckThread:84 - waiting for thirdparty lock release [integrity check]
2025-05-31 14:58:06,065 [INFO] IntegrityCheckThread:86 - entering critical section [integrity check]
2025-05-31 14:58:06,066 [INFO] ThirdPartyUpdaterWithRetryManager:70 - Updater plugin not ready yet. [1/15]
2025-05-31 14:58:06,196 [INFO] PluginManage:359 - Loaded plugin tutovideos (category:base,tabindex:-1)
2025-05-31 14:58:06,196 [INFO] PluginManage:310 - Check plugin updater
2025-05-31 14:58:06,218 [INFO] PluginManage:359 - Loaded plugin updater (category:base,tabindex:12)
2025-05-31 14:58:06,219 [INFO] PluginManage:310 - Check plugin userauth
2025-05-31 14:58:06,224 [INFO] UserAuth:118 - Init User Auth plugin
2025-05-31 14:58:06,225 [INFO] PluginManage:359 - Loaded plugin userauth (category:base,tabindex:14)
2025-05-31 14:58:06,227 [INFO] PluginManage:283 - PluginManage : Loaded plugins [18]
2025-05-31 14:58:06,415 [INFO] PinOutPanel:1589 - setPackage(No Configuration,No Configuration)
2025-05-31 14:58:06,477 [INFO] CADModel:165 - CPN selected for project level
2025-05-31 14:58:06,477 [INFO] CADModel:114 - Register for checkConnection events
2025-05-31 14:58:06,485 [INFO] IPUIPlugin:80 - create IPUIPlugin
2025-05-31 14:58:06,485 [INFO] PluginManager:220 - loadIPPluginJar : add mdma
2025-05-31 14:58:06,489 [INFO] IPUIPlugin:80 - create IPUIPlugin
2025-05-31 14:58:06,489 [INFO] PluginManager:220 - loadIPPluginJar : add freertos
2025-05-31 14:58:06,492 [INFO] IPUIPlugin:80 - create IPUIPlugin
2025-05-31 14:58:06,492 [INFO] PluginManager:220 - loadIPPluginJar : add gic
2025-05-31 14:58:06,497 [INFO] IPUIPlugin:80 - create IPUIPlugin
2025-05-31 14:58:06,497 [INFO] PluginManager:220 - loadIPPluginJar : add adc
2025-05-31 14:58:06,498 [INFO] IPUIPlugin:80 - create IPUIPlugin
2025-05-31 14:58:06,498 [INFO] PluginManager:220 - loadIPPluginJar : add gtzc
2025-05-31 14:58:06,499 [INFO] IPUIPlugin:80 - create IPUIPlugin
2025-05-31 14:58:06,499 [INFO] PluginManager:220 - loadIPPluginJar : add quadspi
2025-05-31 14:58:06,500 [INFO] IPUIPlugin:80 - create IPUIPlugin
2025-05-31 14:58:06,500 [INFO] PluginManager:220 - loadIPPluginJar : add aes
2025-05-31 14:58:06,501 [INFO] IPUIPlugin:80 - create IPUIPlugin
2025-05-31 14:58:06,501 [INFO] PluginManager:220 - loadIPPluginJar : add pdm2pcm
2025-05-31 14:58:06,502 [INFO] IPUIPlugin:80 - create IPUIPlugin
2025-05-31 14:58:06,502 [INFO] PluginManager:220 - loadIPPluginJar : add hash
2025-05-31 14:58:06,503 [INFO] IPUIPlugin:80 - create IPUIPlugin
2025-05-31 14:58:06,504 [INFO] PluginManager:220 - loadIPPluginJar : add tim
2025-05-31 14:58:06,504 [INFO] IPUIPlugin:80 - create IPUIPlugin
2025-05-31 14:58:06,504 [INFO] PluginManager:220 - loadIPPluginJar : add tsc
2025-05-31 14:58:06,505 [INFO] IPUIPlugin:80 - create IPUIPlugin
2025-05-31 14:58:06,506 [INFO] PluginManager:220 - loadIPPluginJar : add extmemmanager
2025-05-31 14:58:06,507 [INFO] IPUIPlugin:80 - create IPUIPlugin
2025-05-31 14:58:06,507 [INFO] PluginManager:220 - loadIPPluginJar : add ts
2025-05-31 14:58:06,507 [INFO] IPUIPlugin:80 - create IPUIPlugin
2025-05-31 14:58:06,507 [INFO] PluginManager:220 - loadIPPluginJar : add radio
2025-05-31 14:58:06,508 [INFO] IPUIPlugin:80 - create IPUIPlugin
2025-05-31 14:58:06,509 [INFO] PluginManager:220 - loadIPPluginJar : add can
2025-05-31 14:58:06,510 [INFO] IPUIPlugin:80 - create IPUIPlugin
2025-05-31 14:58:06,510 [INFO] PluginManager:220 - loadIPPluginJar : add dma3
2025-05-31 14:58:06,511 [INFO] IPUIPlugin:80 - create IPUIPlugin
2025-05-31 14:58:06,511 [INFO] PluginManager:220 - loadIPPluginJar : add dfsdm
2025-05-31 14:58:06,511 [INFO] IPUIPlugin:80 - create IPUIPlugin
2025-05-31 14:58:06,512 [INFO] PluginManager:220 - loadIPPluginJar : add spi
2025-05-31 14:58:06,512 [INFO] IPUIPlugin:80 - create IPUIPlugin
2025-05-31 14:58:06,513 [INFO] PluginManager:220 - loadIPPluginJar : add gfxmmu
2025-05-31 14:58:06,514 [INFO] IPUIPlugin:80 - create IPUIPlugin
2025-05-31 14:58:06,514 [INFO] PluginManager:220 - loadIPPluginJar : add genericplugin
2025-05-31 14:58:06,515 [INFO] IPUIPlugin:80 - create IPUIPlugin
2025-05-31 14:58:06,515 [INFO] PluginManager:220 - loadIPPluginJar : add cryp
2025-05-31 14:58:06,517 [INFO] IPUIPlugin:80 - create IPUIPlugin
2025-05-31 14:58:06,517 [INFO] PluginManager:220 - loadIPPluginJar : add gpio
2025-05-31 14:58:06,519 [INFO] IPUIPlugin:80 - create IPUIPlugin
2025-05-31 14:58:06,519 [INFO] PluginManager:220 - loadIPPluginJar : add ddr_ctrl_phy
2025-05-31 14:58:06,520 [INFO] IPUIPlugin:80 - create IPUIPlugin
2025-05-31 14:58:06,520 [INFO] PluginManager:220 - loadIPPluginJar : add comp
2025-05-31 14:58:06,522 [INFO] IPUIPlugin:80 - create IPUIPlugin
2025-05-31 14:58:06,522 [INFO] PluginManager:220 - loadIPPluginJar : add tracer_emb
2025-05-31 14:58:06,523 [INFO] IPUIPlugin:80 - create IPUIPlugin
2025-05-31 14:58:06,523 [INFO] PluginManager:220 - loadIPPluginJar : add openamp
2025-05-31 14:58:06,526 [INFO] IPUIPlugin:80 - create IPUIPlugin
2025-05-31 14:58:06,526 [INFO] PluginManager:220 - loadIPPluginJar : add stm32_wpan
2025-05-31 14:58:06,529 [INFO] IPUIPlugin:80 - create IPUIPlugin
2025-05-31 14:58:06,531 [INFO] PluginManager:220 - loadIPPluginJar : add plateformsettings
2025-05-31 14:58:06,533 [INFO] IPUIPlugin:80 - create IPUIPlugin
2025-05-31 14:58:06,533 [INFO] PluginManager:220 - loadIPPluginJar : add ipddr
2025-05-31 14:58:06,534 [INFO] IPUIPlugin:80 - create IPUIPlugin
2025-05-31 14:58:06,534 [INFO] PluginManager:220 - loadIPPluginJar : add usart
2025-05-31 14:58:06,534 [INFO] IPUIPlugin:80 - create IPUIPlugin
2025-05-31 14:58:06,534 [INFO] PluginManager:220 - loadIPPluginJar : add ltdc
2025-05-31 14:58:06,535 [INFO] IPUIPlugin:80 - create IPUIPlugin
2025-05-31 14:58:06,536 [INFO] PluginManager:220 - loadIPPluginJar : add nvic
2025-05-31 14:58:06,536 [INFO] IPUIPlugin:80 - create IPUIPlugin
2025-05-31 14:58:06,536 [INFO] PluginManager:220 - loadIPPluginJar : add fatfs
2025-05-31 14:58:06,539 [INFO] IPUIPlugin:80 - create IPUIPlugin
2025-05-31 14:58:06,539 [INFO] PluginManager:220 - loadIPPluginJar : add linkedlist
2025-05-31 14:58:06,543 [INFO] IPUIPlugin:80 - create IPUIPlugin
2025-05-31 14:58:06,544 [INFO] PluginManager:220 - loadIPPluginJar : add dma
2025-05-31 14:58:06,546 [INFO] IPUIPlugin:80 - create IPUIPlugin
2025-05-31 14:58:06,546 [INFO] PluginManager:220 - loadIPPluginJar : add fmc
2025-05-31 14:58:06,547 [INFO] IPUIPlugin:80 - create IPUIPlugin
2025-05-31 14:58:06,547 [INFO] PluginManager:220 - loadIPPluginJar : add i2s
2025-05-31 14:58:06,548 [INFO] IPUIPlugin:80 - create IPUIPlugin
2025-05-31 14:58:06,548 [INFO] PluginManager:220 - loadIPPluginJar : add ucpd
2025-05-31 14:58:06,549 [INFO] IPUIPlugin:80 - create IPUIPlugin
2025-05-31 14:58:06,549 [INFO] PluginManager:220 - loadIPPluginJar : add lorawan
2025-05-31 14:58:06,551 [INFO] IPUIPlugin:80 - create IPUIPlugin
2025-05-31 14:58:06,551 [INFO] PluginManager:220 - loadIPPluginJar : add opamp
2025-05-31 14:58:06,552 [INFO] IPUIPlugin:80 - create IPUIPlugin
2025-05-31 14:58:06,552 [INFO] PluginManager:220 - loadIPPluginJar : add i3c
2025-05-31 14:58:06,553 [INFO] IPUIPlugin:80 - create IPUIPlugin
2025-05-31 14:58:06,553 [INFO] PluginManager:220 - loadIPPluginJar : add touchsensing
2025-05-31 14:58:06,555 [INFO] IPUIPlugin:80 - create IPUIPlugin
2025-05-31 14:58:06,555 [INFO] PluginManager:220 - loadIPPluginJar : add i2c
2025-05-31 14:58:06,557 [INFO] IPUIPlugin:80 - create IPUIPlugin
2025-05-31 14:58:06,557 [INFO] PluginManager:220 - loadIPPluginJar : add resmgrutility
2025-05-31 14:58:06,558 [INFO] IPUIPlugin:80 - create IPUIPlugin
2025-05-31 14:58:06,558 [INFO] PluginManager:220 - loadIPPluginJar : add sai
2025-05-31 14:58:06,559 [INFO] IPUIPlugin:80 - create IPUIPlugin
2025-05-31 14:58:06,559 [INFO] PluginManager:220 - loadIPPluginJar : add usbx
2025-05-31 14:58:06,662 [FATAL] Updater:351 - Updater called before beeing initialized
2025-05-31 14:58:06,702 [INFO] RulesReader:64 - Compatibility file has been processed (302 Rules)
2025-05-31 14:58:06,716 [INFO] RulesReader:64 - Compatibility file has been processed (302 Rules)
2025-05-31 14:58:06,726 [INFO] CADModel:165 - CPN selected for project level
2025-05-31 14:58:06,726 [INFO] CADModel:114 - Register for checkConnection events
2025-05-31 14:58:06,726 [FATAL] Updater:351 - Updater called before beeing initialized
2025-05-31 14:58:06,726 [ERROR] CADModel:125 - Updater not yet initialized, retry later 
2025-05-31 14:58:06,925 [FATAL] Updater:351 - Updater called before beeing initialized
2025-05-31 14:58:06,926 [INFO] CADModel:165 - CPN selected for project level
2025-05-31 14:58:06,926 [INFO] CADModel:114 - Register for checkConnection events
2025-05-31 14:58:06,926 [FATAL] Updater:351 - Updater called before beeing initialized
2025-05-31 14:58:06,926 [ERROR] CADModel:125 - Updater not yet initialized, retry later 
2025-05-31 14:58:06,928 [FATAL] Updater:351 - Updater called before beeing initialized
2025-05-31 14:58:07,035 [FATAL] Updater:351 - Updater called before beeing initialized
2025-05-31 14:58:07,039 [INFO] DbMcusAds:53 - JSON generation date=Thu Sep 30 09:55:09 TRT 2021 (1632984909247)
2025-05-31 14:58:07,039 [FATAL] Updater:351 - Updater called before beeing initialized
2025-05-31 14:58:07,339 [WARN] DetailPanel:346 - Failed to get advertising image, set to default
2025-05-31 14:58:07,519 [FATAL] Updater:351 - Updater called before beeing initialized
2025-05-31 14:58:07,524 [FATAL] Updater:351 - Updater called before beeing initialized
2025-05-31 14:58:07,524 [FATAL] Updater:351 - Updater called before beeing initialized
2025-05-31 14:58:07,525 [WARN] DetailPanel:346 - Failed to get advertising image, set to default
2025-05-31 14:58:07,531 [FATAL] Updater:351 - Updater called before beeing initialized
2025-05-31 14:58:07,619 [ERROR] Updater:1198 - MainUpdater not yet initialized. External WinMGr cannot be set.
2025-05-31 14:58:07,628 [INFO] Updater:1134 - Updater Version found : 6.14.1
2025-05-31 14:58:07,640 [INFO] ApplicationProperties:184 - Using Application install path: /Applications/STM32CubeIDE.app/Contents/Eclipse/plugins/com.st.stm32cube.common.mx_6.14.1.202504091515
2025-05-31 14:58:07,673 [INFO] MainUpdater:525 - Copy updater definitions from MX database
2025-05-31 14:58:07,720 [INFO] MainUpdater:558 - Copy flag file definitions from MX database
2025-05-31 14:58:07,721 [INFO] MainUpdater:574 - Copy thirdparty index definitions from MX database
2025-05-31 14:58:07,722 [INFO] MainUpdater:593 - Copy default thirdparty db definitions from MX database
2025-05-31 14:58:08,000 [INFO] MainUpdater:2872 - connection check result : 10
2025-05-31 14:58:08,000 [INFO] MainUpdater:3566 - Updater definition file requires update
2025-05-31 14:58:08,001 [INFO] MainUpdater:289 - Updater Check For Update Now.
2025-05-31 14:58:08,001 [INFO] MicroXplorer:498 - Change Database Version : DB.6.0.141
2025-05-31 14:58:08,006 [INFO] McuFinderGlobals:63 - Set McuFinder mode to 2 (CubeIDE integrated)
2025-05-31 14:58:08,006 [INFO] UserAuth:171 - activating auth plugin
2025-05-31 14:58:08,016 [INFO] UserAuth:484 - Internet connection configuration mode: 1
2025-05-31 14:58:08,024 [INFO] JxBrowserEngine:152 - Initiate JxBrowser Engine with user profile folder
2025-05-31 14:58:08,068 [INFO] ServerAccessManage:473 - Download File updaters.zip
2025-05-31 14:58:08,154 [INFO] FileExtend:242 - Unzip File : updaters.zip
2025-05-31 14:58:08,154 [INFO] FileExtend:257 - Standard Zip Deflate
2025-05-31 14:58:08,296 [INFO] ServerAccessManage:473 - Download File PacksControlFlags.xml
2025-05-31 14:58:08,365 [INFO] ServerAccessManage:473 - Download File cubemx.pidx
2025-05-31 14:58:08,515 [INFO] ServerAccessManage:473 - Download File STMicroelectronics.FP-ATR-ASTRA1.pdsc
2025-05-31 14:58:09,072 [WARN] MainUpdater:1193 - Updater busy. Cannot search thirdparties
2025-05-31 14:58:09,072 [INFO] ThirdPartyUpdaterWithRetryManager:96 - Updater plugin is busy. [1/15]
2025-05-31 14:58:09,076 [INFO] ServerAccessManage:473 - Download File STMicroelectronics.FP-ATR-SIGFOX1.pdsc
2025-05-31 14:58:09,277 [INFO] ServerAccessManage:473 - Download File STMicroelectronics.FP-SNS-STBOX1.pdsc
2025-05-31 14:58:09,480 [INFO] ServerAccessManage:473 - Download File STMicroelectronics.FP-SNS-FLIGHT1.pdsc
2025-05-31 14:58:09,989 [INFO] ServerAccessManage:473 - Download File STMicroelectronics.FP-SNS-MOTENV1.pdsc
2025-05-31 14:58:10,638 [INFO] ServerAccessManage:473 - Download File STMicroelectronics.FP-SNS-MOTENVWB1.pdsc
2025-05-31 14:58:10,968 [INFO] ServerAccessManage:473 - Download File STMicroelectronics.FP-SNS-SMARTAG2.pdsc
2025-05-31 14:58:11,108 [INFO] ServerAccessManage:473 - Download File STMicroelectronics.X-CUBE-AI.pdsc
2025-05-31 14:58:11,837 [INFO] ServerAccessManage:473 - Download File STMicroelectronics.X-CUBE-ALS.pdsc
2025-05-31 14:58:12,077 [WARN] MainUpdater:1193 - Updater busy. Cannot search thirdparties
2025-05-31 14:58:12,078 [INFO] ThirdPartyUpdaterWithRetryManager:96 - Updater plugin is busy. [2/15]
2025-05-31 14:58:12,415 [INFO] ServerAccessManage:473 - Download File STMicroelectronics.X-CUBE-BLE1.pdsc
2025-05-31 14:58:14,265 [ERROR] ServerAccessManage:1089 - Problem, file not found on Server
2025-05-31 14:58:14,391 [INFO] ServerAccessManage:473 - Download File STMicroelectronics.X-CUBE-BLE2.pdsc
2025-05-31 14:58:15,080 [WARN] MainUpdater:1193 - Updater busy. Cannot search thirdparties
2025-05-31 14:58:15,080 [INFO] ThirdPartyUpdaterWithRetryManager:96 - Updater plugin is busy. [3/15]
2025-05-31 14:58:15,402 [INFO] ServerAccessManage:473 - Download File STMicroelectronics.X-CUBE-BLEMGR.pdsc
2025-05-31 14:58:15,721 [ERROR] ServerAccessManage:1089 - Problem, file not found on Server
2025-05-31 14:58:16,375 [INFO] ServerAccessManage:473 - Download File STMicroelectronics.X-CUBE-DISPLAY.pdsc
2025-05-31 14:58:17,235 [INFO] ServerAccessManage:473 - Download File STMicroelectronics.X-CUBE-DPOWER.pdsc
2025-05-31 14:58:17,516 [ERROR] ServerAccessManage:1089 - Problem, file not found on Server
2025-05-31 14:58:17,695 [ERROR] ServerAccessManage:1089 - Problem, file not found on Server
2025-05-31 14:58:17,953 [ERROR] ServerAccessManage:1089 - Problem, file not found on Server
2025-05-31 14:58:18,086 [WARN] MainUpdater:1193 - Updater busy. Cannot search thirdparties
2025-05-31 14:58:18,086 [INFO] ThirdPartyUpdaterWithRetryManager:96 - Updater plugin is busy. [4/15]
2025-05-31 14:58:18,220 [ERROR] ServerAccessManage:1089 - Problem, file not found on Server
2025-05-31 14:58:18,390 [ERROR] ServerAccessManage:1089 - Problem, file not found on Server
2025-05-31 14:58:18,562 [ERROR] ServerAccessManage:1089 - Problem, file not found on Server
2025-05-31 14:58:18,836 [ERROR] ServerAccessManage:1089 - Problem, file not found on Server
2025-05-31 14:58:19,018 [ERROR] ServerAccessManage:1089 - Problem, file not found on Server
2025-05-31 14:58:19,111 [ERROR] ServerAccessManage:1089 - Problem, file not found on Server
2025-05-31 14:58:19,352 [ERROR] ServerAccessManage:1089 - Problem, file not found on Server
2025-05-31 14:58:19,600 [ERROR] ServerAccessManage:1089 - Problem, file not found on Server
2025-05-31 14:58:19,725 [INFO] ServerAccessManage:473 - Download File STMicroelectronics.X-CUBE-EEPRMA1.pdsc
2025-05-31 14:58:20,109 [ERROR] ServerAccessManage:1089 - Problem, file not found on Server
2025-05-31 14:58:20,576 [ERROR] ServerAccessManage:1089 - Problem, file not found on Server
2025-05-31 14:58:20,843 [INFO] ServerAccessManage:473 - Download File STMicroelectronics.X-CUBE-FREERTOS.pdsc
2025-05-31 14:58:21,091 [WARN] MainUpdater:1193 - Updater busy. Cannot search thirdparties
2025-05-31 14:58:21,092 [INFO] ThirdPartyUpdaterWithRetryManager:96 - Updater plugin is busy. [5/15]
2025-05-31 14:58:21,574 [INFO] ServerAccessManage:473 - Download File STMicroelectronics.X-CUBE-GNSS1.pdsc
2025-05-31 14:58:23,223 [ERROR] ServerAccessManage:1089 - Problem, file not found on Server
2025-05-31 14:58:23,392 [ERROR] ServerAccessManage:1089 - Problem, file not found on Server
2025-05-31 14:58:23,635 [ERROR] ServerAccessManage:1089 - Problem, file not found on Server
2025-05-31 14:58:23,878 [ERROR] ServerAccessManage:1089 - Problem, file not found on Server
2025-05-31 14:58:24,097 [WARN] MainUpdater:1193 - Updater busy. Cannot search thirdparties
2025-05-31 14:58:24,097 [INFO] ThirdPartyUpdaterWithRetryManager:96 - Updater plugin is busy. [6/15]
2025-05-31 14:58:24,141 [ERROR] ServerAccessManage:1089 - Problem, file not found on Server
2025-05-31 14:58:24,241 [ERROR] ServerAccessManage:1089 - Problem, file not found on Server
2025-05-31 14:58:24,359 [INFO] ServerAccessManage:473 - Download File STMicroelectronics.X-CUBE-ISPU.pdsc
2025-05-31 14:58:24,863 [INFO] ServerAccessManage:473 - Download File STMicroelectronics.X-CUBE-IPS.pdsc
2025-05-31 14:58:25,261 [INFO] ServerAccessManage:473 - Download File STMicroelectronics.X-CUBE-MEMS1.pdsc
2025-05-31 14:58:27,103 [WARN] MainUpdater:1193 - Updater busy. Cannot search thirdparties
2025-05-31 14:58:27,103 [INFO] ThirdPartyUpdaterWithRetryManager:96 - Updater plugin is busy. [7/15]
2025-05-31 14:58:27,979 [INFO] ServerAccessManage:473 - Download File STMicroelectronics.X-CUBE-NFC4.pdsc
2025-05-31 14:58:29,378 [INFO] ServerAccessManage:473 - Download File STMicroelectronics.X-CUBE-NFC6.pdsc
2025-05-31 14:58:29,779 [INFO] ServerAccessManage:473 - Download File STMicroelectronics.X-CUBE-NFC7.pdsc
2025-05-31 14:58:30,108 [WARN] MainUpdater:1193 - Updater busy. Cannot search thirdparties
2025-05-31 14:58:30,108 [INFO] ThirdPartyUpdaterWithRetryManager:96 - Updater plugin is busy. [8/15]
2025-05-31 14:58:30,134 [INFO] ServerAccessManage:473 - Download File STMicroelectronics.X-CUBE-NFC9.pdsc
2025-05-31 14:58:30,389 [INFO] ServerAccessManage:473 - Download File STMicroelectronics.X-CUBE-NFC10.pdsc
2025-05-31 14:58:30,565 [INFO] ServerAccessManage:473 - Download File STMicroelectronics.X-CUBE-SFXS2LP1.pdsc
2025-05-31 14:58:30,973 [INFO] ServerAccessManage:473 - Download File STMicroelectronics.X-CUBE-SAFEA1.pdsc
2025-05-31 14:58:31,082 [INFO] ServerAccessManage:473 - Download File STMicroelectronics.X-CUBE-SUBG2.pdsc
2025-05-31 14:58:31,971 [ERROR] ExternalUserPreferencesManager:606 - Error while get path from external application: Cannot invoke "com.st.stm32cube.common.mx.MxActivator.getBundle()" because the return value of "com.st.stm32cube.common.mx.MxActivator.getDefault()" is null
2025-05-31 14:58:31,973 [ERROR] ExternalUserPreferencesManager:336 - Error while get preference info from external application: Cannot invoke "com.st.stm32cube.common.mx.MxActivator.getBundle()" because the return value of "com.st.stm32cube.common.mx.MxActivator.getDefault()" is null
2025-05-31 14:58:31,975 [ERROR] ExternalUserPreferencesManager:560 - Error while get preference info from external application: Cannot invoke "com.st.stm32cube.common.mx.MxActivator.getBundle()" because the return value of "com.st.stm32cube.common.mx.MxActivator.getDefault()" is null
2025-05-31 14:58:31,982 [ERROR] ExternalUserPreferencesManager:560 - Error while get preference info from external application: Cannot invoke "com.st.stm32cube.common.mx.MxActivator.getBundle()" because the return value of "com.st.stm32cube.common.mx.MxActivator.getDefault()" is null
2025-05-31 14:58:32,096 [ERROR] ExternalUserPreferencesManager:560 - Error while get preference info from external application: Cannot invoke "com.st.stm32cube.common.mx.MxActivator.getBundle()" because the return value of "com.st.stm32cube.common.mx.MxActivator.getDefault()" is null
2025-05-31 14:58:32,102 [ERROR] ExternalUserPreferencesManager:560 - Error while get preference info from external application: Cannot invoke "com.st.stm32cube.common.mx.MxActivator.getBundle()" because the return value of "com.st.stm32cube.common.mx.MxActivator.getDefault()" is null
2025-05-31 14:58:32,230 [ERROR] ExternalUserPreferencesManager:560 - Error while get preference info from external application: Cannot invoke "com.st.stm32cube.common.mx.MxActivator.getBundle()" because the return value of "com.st.stm32cube.common.mx.MxActivator.getDefault()" is null
2025-05-31 14:58:32,235 [ERROR] ExternalUserPreferencesManager:560 - Error while get preference info from external application: Cannot invoke "com.st.stm32cube.common.mx.MxActivator.getBundle()" because the return value of "com.st.stm32cube.common.mx.MxActivator.getDefault()" is null
2025-05-31 14:58:32,351 [ERROR] ExternalUserPreferencesManager:560 - Error while get preference info from external application: Cannot invoke "com.st.stm32cube.common.mx.MxActivator.getBundle()" because the return value of "com.st.stm32cube.common.mx.MxActivator.getDefault()" is null
2025-05-31 14:58:32,382 [ERROR] ExternalUserPreferencesManager:560 - Error while get preference info from external application: Cannot invoke "com.st.stm32cube.common.mx.MxActivator.getBundle()" because the return value of "com.st.stm32cube.common.mx.MxActivator.getDefault()" is null
2025-05-31 14:58:32,429 [INFO] ServerAccessManage:473 - Download File STMicroelectronics.X-CUBE-SMBUS.pdsc
2025-05-31 14:58:32,443 [ERROR] LogOutputStream:75 - [STDERR_REDIRECT] 
