2025-06-02 00:09:10,218 [INFO] WebApp:194 - Connection lost
2025-06-02 00:09:10,983 [INFO] WebApp:191 - Connection restablished
2025-06-02 00:09:21,065 [INFO] WebApp:194 - Connection lost
2025-06-02 00:09:22,665 [INFO] WebApp:191 - Connection restablished
2025-06-02 00:09:30,379 [INFO] WebApp:194 - Connection lost
2025-06-02 00:09:31,768 [INFO] WebApp:191 - Connection restablished
2025-06-02 00:11:28,400 [INFO] WebApp:194 - Connection lost
2025-06-02 00:11:29,778 [INFO] WebApp:191 - Connection restablished
2025-06-02 00:11:31,529 [INFO] WebApp:194 - Connection lost
2025-06-02 00:11:32,024 [INFO] WebApp:191 - Connection restablished
2025-06-02 00:16:10,437 [INFO] WebApp:194 - Connection lost
2025-06-02 00:16:13,736 [INFO] WebApp:191 - Connection restablished
2025-06-02 00:16:15,368 [INFO] WebApp:194 - Connection lost
2025-06-02 00:16:18,193 [INFO] WebApp:191 - Connection restablished
2025-06-02 01:33:53,558 [INFO] WebApp:194 - Connection lost
2025-06-02 01:33:54,331 [INFO] WebApp:191 - Connection restablished
2025-06-02 01:39:04,008 [INFO] WebApp:194 - Connection lost
2025-06-02 01:39:05,378 [INFO] WebApp:191 - Connection restablished
2025-06-02 01:39:07,350 [INFO] WebApp:194 - Connection lost
2025-06-02 01:39:07,811 [INFO] WebApp:191 - Connection restablished
2025-06-02 01:42:47,287 [INFO] UtilMem:75 - End SaveConfig() Used Memory: 395132816 Bytes (633339904)
2025-06-02 01:42:51,650 [INFO] UtilMem:75 - End SaveConfig() Used Memory: 429735824 Bytes (633339904)
2025-06-02 01:42:51,969 [INFO] UtilMem:75 - End SaveConfig() Used Memory: 458047376 Bytes (633339904)
2025-06-02 01:42:53,008 [INFO] BlockDiagram:2775 - set Specific Code input for plugin: SYS
2025-06-02 01:42:53,014 [INFO] BlockDiagram:2775 - set Specific Code input for plugin: RCC
2025-06-02 01:42:53,016 [INFO] BlockDiagram:2775 - set Specific Code input for plugin: CRC
2025-06-02 01:42:53,016 [INFO] BlockDiagram:2775 - set Specific Code input for plugin: NVIC
2025-06-02 01:42:53,018 [INFO] BlockDiagram:2775 - set Specific Code input for plugin: USART
2025-06-02 01:42:53,018 [INFO] BlockDiagram:2775 - set Specific Code input for plugin: USART
2025-06-02 01:42:53,020 [INFO] BlockDiagram:2775 - set Specific Code input for plugin: GPIO
2025-06-02 01:42:53,022 [INFO] CodeGenerator:882 - code generatio: config db path: /Applications/STM32CubeIDE.app/Contents/Eclipse/plugins/com.st.stm32cube.common.mx_6.14.1.202504091515//db/
2025-06-02 01:42:53,276 [INFO] CodeEngine:263 - oldGeneratedFile, /Users/hasantayfur/STM32CubeIDE/workspace_1.18.1/001_BOOTLOADER_FIRST_PROJECT/MXTmpFiles/license.tmp_save
2025-06-02 01:42:53,794 [INFO] CodeEngine:287 - Generated code: /Users/hasantayfur/STM32CubeIDE/workspace_1.18.1/001_BOOTLOADER_FIRST_PROJECT/MXTmpFiles/license.tmp
2025-06-02 01:42:53,969 [INFO] CodeEngine:263 - oldGeneratedFile, /Users/hasantayfur/STM32CubeIDE/workspace_1.18.1/001_BOOTLOADER_FIRST_PROJECT/MXTmpFiles/gpio.tmp_save
2025-06-02 01:42:54,186 [INFO] CodeEngine:287 - Generated code: /Users/hasantayfur/STM32CubeIDE/workspace_1.18.1/001_BOOTLOADER_FIRST_PROJECT/MXTmpFiles/gpio.tmp
2025-06-02 01:42:54,379 [INFO] CodeEngine:263 - oldGeneratedFile, /Users/hasantayfur/STM32CubeIDE/workspace_1.18.1/001_BOOTLOADER_FIRST_PROJECT/Core/Src/stm32f3xx_it.c_save
2025-06-02 01:42:54,548 [INFO] CodeEngine:287 - Generated code: /Users/hasantayfur/STM32CubeIDE/workspace_1.18.1/001_BOOTLOADER_FIRST_PROJECT/Core/Src/stm32f3xx_it.c
2025-06-02 01:42:54,550 [INFO] CodeEngine:263 - oldGeneratedFile, /Users/hasantayfur/STM32CubeIDE/workspace_1.18.1/001_BOOTLOADER_FIRST_PROJECT/Core/Inc/stm32f3xx_it.h_save
2025-06-02 01:42:54,606 [INFO] CodeEngine:287 - Generated code: /Users/hasantayfur/STM32CubeIDE/workspace_1.18.1/001_BOOTLOADER_FIRST_PROJECT/Core/Inc/stm32f3xx_it.h
2025-06-02 01:42:54,616 [INFO] CodeEngine:263 - oldGeneratedFile, /Users/hasantayfur/STM32CubeIDE/workspace_1.18.1/001_BOOTLOADER_FIRST_PROJECT/Core/Src/stm32f3xx_hal_msp.c_save
2025-06-02 01:42:54,747 [INFO] CodeEngine:287 - Generated code: /Users/hasantayfur/STM32CubeIDE/workspace_1.18.1/001_BOOTLOADER_FIRST_PROJECT/Core/Src/stm32f3xx_hal_msp.c
2025-06-02 01:42:54,750 [INFO] CodeEngine:263 - oldGeneratedFile, /Users/hasantayfur/STM32CubeIDE/workspace_1.18.1/001_BOOTLOADER_FIRST_PROJECT/MXTmpFiles/system.tmp_save
2025-06-02 01:42:54,815 [INFO] CodeEngine:287 - Generated code: /Users/hasantayfur/STM32CubeIDE/workspace_1.18.1/001_BOOTLOADER_FIRST_PROJECT/MXTmpFiles/system.tmp
2025-06-02 01:42:54,822 [INFO] CodeEngine:319 - oldGeneratedFile, /Users/hasantayfur/STM32CubeIDE/workspace_1.18.1/001_BOOTLOADER_FIRST_PROJECT/Core/Inc/stm32f3xx_hal_conf.h_save
2025-06-02 01:42:54,925 [INFO] CodeEngine:343 - Generated code: /Users/hasantayfur/STM32CubeIDE/workspace_1.18.1/001_BOOTLOADER_FIRST_PROJECT/Core/Inc/stm32f3xx_hal_conf.h
2025-06-02 01:42:54,994 [INFO] ApiDbMcu:508 - Load IP Config File for CRC
2025-06-02 01:42:55,000 [INFO] ApiDbMcu:508 - Load IP Config File for USART1
2025-06-02 01:42:55,007 [INFO] ApiDbMcu:508 - Load IP Config File for USART3
2025-06-02 01:42:55,009 [INFO] ApiDbMcu:508 - Load IP Config File for RCC
2025-06-02 01:42:55,015 [INFO] CodeEngine:263 - oldGeneratedFile, /Users/hasantayfur/STM32CubeIDE/workspace_1.18.1/001_BOOTLOADER_FIRST_PROJECT/Core/Inc/main.h_save
2025-06-02 01:42:55,140 [INFO] CodeEngine:287 - Generated code: /Users/hasantayfur/STM32CubeIDE/workspace_1.18.1/001_BOOTLOADER_FIRST_PROJECT/Core/Inc/main.h
2025-06-02 01:42:55,143 [INFO] CodeEngine:263 - oldGeneratedFile, /Users/hasantayfur/STM32CubeIDE/workspace_1.18.1/001_BOOTLOADER_FIRST_PROJECT/Core/Src/main.c_save
2025-06-02 01:42:55,399 [INFO] CodeEngine:287 - Generated code: /Users/hasantayfur/STM32CubeIDE/workspace_1.18.1/001_BOOTLOADER_FIRST_PROJECT/Core/Src/main.c
2025-06-02 01:42:55,658 [INFO] ProjectBuilder:3324 - Time for Copy HAL[1] : 61mS.
2025-06-02 01:42:55,668 [INFO] ProjectBuilder:4912 - Project Generator version: 4.6.0.1-B1
2025-06-02 01:42:55,787 [INFO] ConfigFileManager:1590 - The Die is : DIE446
2025-06-02 01:42:55,795 [INFO] ApiDbMcu:508 - Load IP Config File for FATFS
2025-06-02 01:42:55,800 [INFO] ApiDbMcu:508 - Load IP Config File for FREERTOS
2025-06-02 01:42:55,806 [INFO] ApiDbMcu:508 - Load IP Config File for TOUCHSENSING
2025-06-02 01:42:55,819 [INFO] ApiDbMcu:508 - Load IP Config File for USB_DEVICE
2025-06-02 01:42:58,188 [INFO] ProjectBuilder:5191 - Time for Generating toolchain IDE Files: 2518mS.
2025-06-02 01:42:58,192 [INFO] ProjectBuilder:3181 - Time for Copy CMSIS : 2mS.
2025-06-02 01:42:58,194 [INFO] ProjectBuilder:3181 - Time for Copy CMSIS : 0mS.
